<?xml version="1.0" encoding="UTF-8"?>
<testsuite name="kim.bifrost.ApplicationTest" tests="1" skipped="0" failures="0" errors="0" timestamp="2022-01-02T18:32:40" hostname="DESKTOP-GFHMOAG" time="0.383">
  <properties/>
  <testcase name="testRoot" classname="kim.bifrost.ApplicationTest" time="0.383"/>
  <system-out><![CDATA[2022-01-03 02:32:40.653 [Test worker] INFO  ktor.test - Autoreload is disabled because the development mode is off.
2022-01-03 02:32:40.665 [Test worker] INFO  ktor.test - Application started in 0.058 seconds.
]]></system-out>
  <system-err><![CDATA[]]></system-err>
</testsuite>
